
[2026-04-19 01:10:46] Starting Text To Sign Studio
[2m1:10:46 am[22m [36m[1m[vite][22m[39m [90m[2m(client)[22m[39m Re-optimizing dependencies because vite config has changed

  [32m[1mVITE[22m v8.0.3[39m  [2mready in [0m[1m494[22m[2m[0m ms[22m

  [32m➜[39m  [1mLocal[22m:   [36mhttp://127.0.0.1:[1m5173[22m/[39m

[2026-04-19 01:28:44] Starting Text To Sign Studio

  [32m[1mVITE[22m v8.0.3[39m  [2mready in [0m[1m229[22m[2m[0m ms[22m

  [32m➜[39m  [1mLocal[22m:   [36mhttp://127.0.0.1:[1m5173[22m/[39m

[2026-04-19 01:34:40] Starting Text To Sign Studio

  [32m[1mVITE[22m v8.0.3[39m  [2mready in [0m[1m232[22m[2m[0m ms[22m

  [32m➜[39m  [1mLocal[22m:   [36mhttp://127.0.0.1:[1m5173[22m/[39m

[2026-04-19 15:26:28] Starting Text To Sign Studio

  [32m[1mVITE[22m v8.0.3[39m  [2mready in [0m[1m531[22m[2m[0m ms[22m

  [32m➜[39m  [1mLocal[22m:   [36mhttp://127.0.0.1:[1m5173[22m/[39m

[2026-04-21 18:43:02] Starting Text To Sign Studio

  [32m[1mVITE[22m v8.0.3[39m  [2mready in [0m[1m1082[22m[2m[0m ms[22m

  [32m➜[39m  [1mLocal[22m:   [36mhttp://127.0.0.1:[1m5173[22m/[39m

[2026-04-22 11:05:05] Starting Text To Sign Studio

  [32m[1mVITE[22m v8.0.3[39m  [2mready in [0m[1m970[22m[2m[0m ms[22m

  [32m➜[39m  [1mLocal[22m:   [36mhttp://127.0.0.1:[1m5173[22m/[39m

[2026-04-22 14:15:19] Starting Text To Sign Studio
[31merror when starting dev server:
Error: Port 5173 
  [32m[1mVITE[22m v8.0.3[39m  [2mready in [0m[1m347[22m[2m[0m ms[22m

  [32m➜[39m  [1mLocal[22m:   [36mhttp://127.0.0.1:[1m5173[22m/[39m
chunks/node.js:10635:25)
    at process.processTicksAndRejections (node:internal/process/task_queues:104:5)
    at async startServer (file:///C:/Users/Shubham%20Tripathi/Desktop/mute&deaf%20pp/sign-speak-text-to-sign--main/node_modules/vite/dist/node/chunks/node.js:26219:30)
    at async Object.listen (file:///C:/Users/Shubham%20Tripathi/Desktop/mute&deaf%20pp/sign-speak-text-to-sign--main/node_modules/vite/dist/node/chunks/node.js:26040:4)
    at async CAC.<anonymous> (file:///C:/Users/Shubham%20Tripathi/Desktop/mute&deaf%20pp/sign-speak-text-to-sign--main/node_modules/vite/dist/node/cli.js:722:3)[39m

[2026-04-22 16:11:29] Starting Text To Sign Studio
[2m4:11:30 pm[22m [36m[1m[vite][22m[39m [90m[2m(client)[22m[39m Re-optimizing dependencies because vite config has changed

  [32m[1mVITE[22m v8.0.3[39m  [2mready in [0m[1m429[22m[2m[0m ms[22m

  [32m➜[39m  [1mLocal[22m:   [36mhttp://127.0.0.1:[1m5173[22m/[39m
